<?xml version="1.0" encoding="UTF-8"?>
<!-- Generated by org.testng.reporters.JUnitReportReporter -->
<testsuite hostname="DESKTOP-BMGLTHF" failures="0" tests="1" name="TestProject.NewTest" time="0.022" errors="0" timestamp="30 Jun 2022 11:45:05 GMT">
  <testcase classname="TestProject.NewTest" name="f" time="0.022"/>
</testsuite> <!-- TestProject.NewTest -->
