<?xml version="1.0" encoding="UTF-8"?>
<!-- Generated by org.testng.reporters.JUnitReportReporter -->
<testsuite hostname="DESKTOP-BMGLTHF" failures="0" tests="1" name="JustCoding.FileReading" time="0.020" errors="0" timestamp="30 Jun 2022 18:41:42 GMT">
  <testcase classname="JustCoding.FileReading" name="ArrayList" time="0.020"/>
</testsuite> <!-- JustCoding.FileReading -->
