<?xml version="1.0" encoding="UTF-8"?>
<!-- Generated by org.testng.reporters.JUnitReportReporter -->
<testsuite hostname="DESKTOP-BMGLTHF" failures="0" tests="1" name="TestProject.lognestRepeatingSequence" time="0.017" errors="0" timestamp="2022-06-28T11:24:49 IST" skipped="0">
  <testcase classname="TestProject.lognestRepeatingSequence" name="logestRepeatingSequence" time="0.017"/>
  <system-out/>
</testsuite> <!-- TestProject.lognestRepeatingSequence -->
